19:31:26 [main] INFO  application - Properties file opened in PropertiesRegistry static block.
19:31:29 [main] INFO  application - DbRegistry prepared with key "".
19:31:35 [main] INFO  application - New Message with ID 276452259857523307031245015377325283300 was created.
12:57:13 [main] INFO  application - Properties file opened in PropertiesRegistry static block.
12:59:04 [main] INFO  application - Properties file opened in PropertiesRegistry static block.
13:03:01 [main] INFO  application - Properties file opened in PropertiesRegistry static block.
13:06:04 [main] INFO  application - Properties file opened in PropertiesRegistry static block.
13:10:28 [main] INFO  application - Properties file opened in PropertiesRegistry static block.
13:10:50 [main] INFO  application - Properties file opened in PropertiesRegistry static block.
13:13:12 [main] INFO  application - Properties file opened in PropertiesRegistry static block.
13:15:00 [main] INFO  application - Properties file opened in PropertiesRegistry static block.
13:17:27 [main] INFO  application - Properties file opened in PropertiesRegistry static block.
13:18:58 [main] INFO  application - Properties file opened in PropertiesRegistry static block.
13:27:24 [main] INFO  application - Properties file opened in PropertiesRegistry static block.
13:29:00 [main] INFO  application - Properties file opened in PropertiesRegistry static block.
13:29:16 [main] INFO  application - Properties file opened in PropertiesRegistry static block.
13:31:39 [main] INFO  application - Properties file opened in PropertiesRegistry static block.
13:32:02 [main] INFO  application - Properties file opened in PropertiesRegistry static block.
13:37:37 [main] INFO  application - Properties file opened in PropertiesRegistry static block.
13:40:25 [main] INFO  application - Properties file opened in PropertiesRegistry static block.
13:42:57 [main] INFO  application - Properties file opened in PropertiesRegistry static block.
13:43:02 [main] INFO  application - DbRegistry prepared with key "".
13:43:08 [main] INFO  application - New Message with ID 15350982478104700737835271474471596279 was created.
13:46:49 [main] INFO  application - Properties file opened in PropertiesRegistry static block.
13:46:51 [main] INFO  application - DbRegistry prepared with key "".
13:46:55 [main] INFO  application - New Message with ID 3332477749579818426920125483683499062 was created.
13:50:46 [main] INFO  application - Properties file opened in PropertiesRegistry static block.
13:50:49 [main] INFO  application - DbRegistry prepared with key "".
13:52:19 [main] INFO  application - Properties file opened in PropertiesRegistry static block.
13:52:21 [main] INFO  application - DbRegistry prepared with key "".
13:52:25 [main] INFO  application - New Message with ID 2784581283741526290595252790777120 was created.
13:54:20 [main] INFO  application - Properties file opened in PropertiesRegistry static block.
13:54:22 [main] INFO  application - DbRegistry prepared with key "".
13:55:20 [main] INFO  application - New Message with ID 287021942130321686410385102273393699 was created.
13:58:33 [main] INFO  application - Properties file opened in PropertiesRegistry static block.
13:58:35 [main] INFO  application - DbRegistry prepared with key "".
13:58:38 [main] INFO  application - New Message with ID 148689292572093275594653495124773282520 was created.
14:00:03 [main] INFO  application - Properties file opened in PropertiesRegistry static block.
14:00:05 [main] INFO  application - DbRegistry prepared with key "".
14:00:08 [main] INFO  application - New Message with ID 14664542550169469682329307856358579640 was created.
14:07:21 [main] INFO  application - Properties file opened in PropertiesRegistry static block.
14:07:23 [main] INFO  application - DbRegistry prepared with key "".
14:07:28 [main] INFO  application - New Message with ID 81453857979602546848853370383039703 was created.
14:08:37 [main] INFO  application - Properties file opened in PropertiesRegistry static block.
14:08:39 [main] INFO  application - DbRegistry prepared with key "".
14:08:44 [main] INFO  application - New Message with ID 11141785429132060324110982101987303757 was created.
14:10:53 [main] INFO  application - Properties file opened in PropertiesRegistry static block.
14:10:55 [main] INFO  application - DbRegistry prepared with key "".
14:10:59 [main] INFO  application - New Message with ID 19663514019766791571256477614878962979 was created.
14:13:50 [main] INFO  application - Properties file opened in PropertiesRegistry static block.
14:13:52 [main] INFO  application - DbRegistry prepared with key "".
14:13:55 [main] INFO  application - New Message with ID 19236967199556617886471073870735685440 was created.
14:17:13 [main] INFO  application - Properties file opened in PropertiesRegistry static block.
14:17:15 [main] INFO  application - DbRegistry prepared with key "".
14:17:19 [main] INFO  application - New Message with ID 210509088470335483974094801809294749 was created.
14:19:33 [main] INFO  application - Properties file opened in PropertiesRegistry static block.
14:19:35 [main] INFO  application - DbRegistry prepared with key "".
14:19:39 [main] INFO  application - New Message with ID 268979748808131034058397820336988496845 was created.
14:20:11 [main] INFO  application - Properties file opened in PropertiesRegistry static block.
14:20:13 [main] INFO  application - DbRegistry prepared with key "".
14:20:17 [main] INFO  application - New Message with ID 15984202924435767792117413926184906571 was created.
14:21:03 [main] INFO  application - Properties file opened in PropertiesRegistry static block.
14:21:05 [main] INFO  application - DbRegistry prepared with key "".
14:21:08 [main] INFO  application - New Message with ID 241855018951629166365473722943910260 was created.
14:22:13 [main] INFO  application - Properties file opened in PropertiesRegistry static block.
14:22:16 [main] INFO  application - DbRegistry prepared with key "".
14:22:28 [main] INFO  application - New Message with ID 284319591161803285768911356897697604015 was created.
14:42:47 [main] INFO  application - Properties file opened in PropertiesRegistry static block.
14:42:49 [main] INFO  application - DbRegistry prepared with key "".
14:42:52 [main] INFO  application - New Message with ID 621743259685334962067913572780532097 was created.
14:43:48 [main] INFO  application - Properties file opened in PropertiesRegistry static block.
14:43:51 [main] INFO  application - DbRegistry prepared with key "".
14:43:55 [main] INFO  application - New Message with ID 49730288629266292821904463449380162 was created.
15:13:30 [main] INFO  application - Properties file opened in PropertiesRegistry static block.
15:13:32 [main] INFO  application - DbRegistry prepared with key "".
15:13:35 [main] INFO  application - New Message with ID 2457880245569869941389637735106902450 was created.
15:16:52 [main] INFO  application - Properties file opened in PropertiesRegistry static block.
15:16:54 [main] INFO  application - DbRegistry prepared with key "".
15:16:57 [main] INFO  application - New Message with ID 13844691261068827626014581098515277723 was created.
15:22:28 [main] INFO  application - Properties file opened in PropertiesRegistry static block.
15:22:30 [main] INFO  application - DbRegistry prepared with key "".
15:22:34 [main] INFO  application - New Message with ID 20000564723776483047819808140331094468 was created.
15:23:17 [main] INFO  application - Properties file opened in PropertiesRegistry static block.
15:23:19 [main] INFO  application - DbRegistry prepared with key "".
15:23:22 [main] INFO  application - New Message with ID 325199863501769208375251988824916147566 was created.
15:25:07 [main] INFO  application - Properties file opened in PropertiesRegistry static block.
15:25:10 [main] INFO  application - DbRegistry prepared with key "".
15:25:13 [main] INFO  application - New Message with ID 317411224800708338859481721654047379069 was created.
15:27:29 [main] INFO  application - Properties file opened in PropertiesRegistry static block.
15:27:31 [main] INFO  application - DbRegistry prepared with key "".
15:27:34 [main] INFO  application - New Message with ID 8431500661127188003342202553889756561 was created.
15:29:35 [main] INFO  application - Properties file opened in PropertiesRegistry static block.
15:29:37 [main] INFO  application - DbRegistry prepared with key "".
15:29:40 [main] INFO  application - New Message with ID 314094649302580701841490206735986015461 was created.
18:44:06 [main] INFO  application - Properties file opened in PropertiesRegistry static block.
18:44:11 [main] INFO  application - DbRegistry prepared with key "".
18:44:20 [main] INFO  application - New Message with ID 127754451107359806348123247413382082873 was created.
18:45:14 [main] INFO  application - Properties file opened in PropertiesRegistry static block.
18:45:16 [main] INFO  application - DbRegistry prepared with key "".
18:45:20 [main] INFO  application - New Message with ID 239430648468159180005881238381064901521 was created.
19:13:09 [main] INFO  application - Properties file opened in PropertiesRegistry static block.
19:13:11 [main] INFO  application - DbRegistry prepared with key "".
19:14:04 [main] INFO  application - Properties file opened in PropertiesRegistry static block.
19:14:06 [main] INFO  application - DbRegistry prepared with key "".
19:15:41 [main] INFO  application - Properties file opened in PropertiesRegistry static block.
19:15:43 [main] INFO  application - DbRegistry prepared with key "".
19:15:53 [main] INFO  application - New Message with ID 14294688728354003281473620862487436701 was created.
19:45:20 [main] INFO  application - Properties file opened in PropertiesRegistry static block.
19:45:22 [main] INFO  application - DbRegistry prepared with key "".
19:45:31 [main] INFO  application - New Message with ID 100970627432259305721795190306931705506 was created.
20:04:47 [main] INFO  application - Properties file opened in PropertiesRegistry static block.
20:04:49 [main] INFO  application - DbRegistry prepared with key "".
20:04:58 [main] INFO  application - New Message with ID 1137737846027454596185994099106248527 was created.
20:16:29 [main] INFO  application - Properties file opened in PropertiesRegistry static block.
20:16:31 [main] INFO  application - DbRegistry prepared with key "".
20:16:39 [main] INFO  application - New Message with ID 3092957046021964830000731730895805222 was created.
20:49:22 [main] INFO  application - Properties file opened in PropertiesRegistry static block.
20:49:24 [main] INFO  application - DbRegistry prepared with key "".
20:49:26 [pool-4-thread-1] ERROR application - An SQLException occured when trying to delete old messages: {}
com.mysql.jdbc.exceptions.jdbc4.MySQLSyntaxErrorException: Table 'soen490.application_message' doesn't exist
	at sun.reflect.NativeConstructorAccessorImpl.newInstance0(Native Method) ~[na:1.6.0_31]
	at sun.reflect.NativeConstructorAccessorImpl.newInstance(Unknown Source) ~[na:1.6.0_31]
	at sun.reflect.DelegatingConstructorAccessorImpl.newInstance(Unknown Source) ~[na:1.6.0_31]
	at java.lang.reflect.Constructor.newInstance(Unknown Source) ~[na:1.6.0_31]
	at com.mysql.jdbc.Util.handleNewInstance(Util.java:411) ~[mysql-connector-java-5.1.17-bin.jar:na]
	at com.mysql.jdbc.Util.getInstance(Util.java:386) ~[mysql-connector-java-5.1.17-bin.jar:na]
	at com.mysql.jdbc.SQLError.createSQLException(SQLError.java:1052) ~[mysql-connector-java-5.1.17-bin.jar:na]
	at com.mysql.jdbc.MysqlIO.checkErrorPacket(MysqlIO.java:3597) ~[mysql-connector-java-5.1.17-bin.jar:na]
	at com.mysql.jdbc.MysqlIO.checkErrorPacket(MysqlIO.java:3529) ~[mysql-connector-java-5.1.17-bin.jar:na]
	at com.mysql.jdbc.MysqlIO.sendCommand(MysqlIO.java:1990) ~[mysql-connector-java-5.1.17-bin.jar:na]
	at com.mysql.jdbc.MysqlIO.sqlQueryDirect(MysqlIO.java:2151) ~[mysql-connector-java-5.1.17-bin.jar:na]
	at com.mysql.jdbc.ConnectionImpl.execSQL(ConnectionImpl.java:2625) ~[mysql-connector-java-5.1.17-bin.jar:na]
	at com.mysql.jdbc.PreparedStatement.executeInternal(PreparedStatement.java:2119) ~[mysql-connector-java-5.1.17-bin.jar:na]
	at com.mysql.jdbc.PreparedStatement.executeUpdate(PreparedStatement.java:2415) ~[mysql-connector-java-5.1.17-bin.jar:na]
	at com.mysql.jdbc.PreparedStatement.executeUpdate(PreparedStatement.java:2333) ~[mysql-connector-java-5.1.17-bin.jar:na]
	at com.mysql.jdbc.PreparedStatement.executeUpdate(PreparedStatement.java:2318) ~[mysql-connector-java-5.1.17-bin.jar:na]
	at com.jolbox.bonecp.PreparedStatementHandle.executeUpdate(PreparedStatementHandle.java:203) ~[bonecp-0.7.1.RELEASE.jar:0.7.1.RELEASE]
	at foundation.tdg.MessageTDG.delete(MessageTDG.java:156) ~[bin/:na]
	at domain.message.mappers.MessageOutputMapper.delete(MessageOutputMapper.java:58) ~[bin/:na]
	at application.PurgeMonitor.deleteExpiredMessages(PurgeMonitor.java:102) ~[bin/:na]
	at application.PurgeMonitor.access$0(PurgeMonitor.java:89) ~[bin/:na]
	at application.PurgeMonitor$1.run(PurgeMonitor.java:71) ~[bin/:na]
	at java.util.concurrent.Executors$RunnableAdapter.call(Unknown Source) [na:1.6.0_31]
	at java.util.concurrent.FutureTask$Sync.innerRunAndReset(Unknown Source) [na:1.6.0_31]
	at java.util.concurrent.FutureTask.runAndReset(Unknown Source) [na:1.6.0_31]
	at java.util.concurrent.ScheduledThreadPoolExecutor$ScheduledFutureTask.access$101(Unknown Source) [na:1.6.0_31]
	at java.util.concurrent.ScheduledThreadPoolExecutor$ScheduledFutureTask.runPeriodic(Unknown Source) [na:1.6.0_31]
	at java.util.concurrent.ScheduledThreadPoolExecutor$ScheduledFutureTask.run(Unknown Source) [na:1.6.0_31]
	at java.util.concurrent.ThreadPoolExecutor$Worker.runTask(Unknown Source) [na:1.6.0_31]
	at java.util.concurrent.ThreadPoolExecutor$Worker.run(Unknown Source) [na:1.6.0_31]
	at java.lang.Thread.run(Unknown Source) [na:1.6.0_31]
20:49:28 [pool-4-thread-1] ERROR application - SQLExcepion occurred when trying the retrieve a parameter from the database: {}
com.mysql.jdbc.exceptions.jdbc4.MySQLSyntaxErrorException: Table 'soen490.application_serverparameters' doesn't exist
	at sun.reflect.NativeConstructorAccessorImpl.newInstance0(Native Method) ~[na:1.6.0_31]
	at sun.reflect.NativeConstructorAccessorImpl.newInstance(Unknown Source) ~[na:1.6.0_31]
	at sun.reflect.DelegatingConstructorAccessorImpl.newInstance(Unknown Source) ~[na:1.6.0_31]
	at java.lang.reflect.Constructor.newInstance(Unknown Source) ~[na:1.6.0_31]
	at com.mysql.jdbc.Util.handleNewInstance(Util.java:411) ~[mysql-connector-java-5.1.17-bin.jar:na]
	at com.mysql.jdbc.Util.getInstance(Util.java:386) ~[mysql-connector-java-5.1.17-bin.jar:na]
	at com.mysql.jdbc.SQLError.createSQLException(SQLError.java:1052) ~[mysql-connector-java-5.1.17-bin.jar:na]
	at com.mysql.jdbc.MysqlIO.checkErrorPacket(MysqlIO.java:3597) ~[mysql-connector-java-5.1.17-bin.jar:na]
	at com.mysql.jdbc.MysqlIO.checkErrorPacket(MysqlIO.java:3529) ~[mysql-connector-java-5.1.17-bin.jar:na]
	at com.mysql.jdbc.MysqlIO.sendCommand(MysqlIO.java:1990) ~[mysql-connector-java-5.1.17-bin.jar:na]
	at com.mysql.jdbc.MysqlIO.sqlQueryDirect(MysqlIO.java:2151) ~[mysql-connector-java-5.1.17-bin.jar:na]
	at com.mysql.jdbc.ConnectionImpl.execSQL(ConnectionImpl.java:2625) ~[mysql-connector-java-5.1.17-bin.jar:na]
	at com.mysql.jdbc.PreparedStatement.executeInternal(PreparedStatement.java:2119) ~[mysql-connector-java-5.1.17-bin.jar:na]
	at com.mysql.jdbc.PreparedStatement.executeQuery(PreparedStatement.java:2281) ~[mysql-connector-java-5.1.17-bin.jar:na]
	at com.jolbox.bonecp.PreparedStatementHandle.executeQuery(PreparedStatementHandle.java:172) ~[bonecp-0.7.1.RELEASE.jar:0.7.1.RELEASE]
	at foundation.finder.ServerParameterFinder.find(ServerParameterFinder.java:54) ~[bin/:na]
	at domain.serverparameter.mappers.ServerParameterInputMapper.find(ServerParameterInputMapper.java:29) ~[bin/:na]
	at application.ServerParameters.get(ServerParameters.java:60) ~[bin/:na]
	at application.PurgeMonitor.deleteExpiredMessages(PurgeMonitor.java:92) [bin/:na]
	at application.PurgeMonitor.access$0(PurgeMonitor.java:89) [bin/:na]
	at application.PurgeMonitor$1.run(PurgeMonitor.java:71) [bin/:na]
	at java.util.concurrent.Executors$RunnableAdapter.call(Unknown Source) [na:1.6.0_31]
	at java.util.concurrent.FutureTask$Sync.innerRunAndReset(Unknown Source) [na:1.6.0_31]
	at java.util.concurrent.FutureTask.runAndReset(Unknown Source) [na:1.6.0_31]
	at java.util.concurrent.ScheduledThreadPoolExecutor$ScheduledFutureTask.access$101(Unknown Source) [na:1.6.0_31]
	at java.util.concurrent.ScheduledThreadPoolExecutor$ScheduledFutureTask.runPeriodic(Unknown Source) [na:1.6.0_31]
	at java.util.concurrent.ScheduledThreadPoolExecutor$ScheduledFutureTask.run(Unknown Source) [na:1.6.0_31]
	at java.util.concurrent.ThreadPoolExecutor$Worker.runTask(Unknown Source) [na:1.6.0_31]
	at java.util.concurrent.ThreadPoolExecutor$Worker.run(Unknown Source) [na:1.6.0_31]
	at java.lang.Thread.run(Unknown Source) [na:1.6.0_31]
20:50:05 [main] INFO  application - Properties file opened in PropertiesRegistry static block.
20:50:07 [main] INFO  application - DbRegistry prepared with key "".
20:50:11 [pool-4-thread-1] ERROR application - ServerParameter with name 'daysOfGrace' does not exist.
20:50:19 [main] INFO  application - New Message with ID 1071938745408881922223515444730184934 was created.
20:51:29 [main] INFO  application - Properties file opened in PropertiesRegistry static block.
20:51:31 [main] INFO  application - DbRegistry prepared with key "".
20:51:37 [pool-4-thread-1] ERROR application - SQLExcepion occurred when trying the retrieve a parameter from the database: {}
com.mysql.jdbc.exceptions.jdbc4.MySQLSyntaxErrorException: Table 'soen490.application_serverparameters' doesn't exist
	at sun.reflect.NativeConstructorAccessorImpl.newInstance0(Native Method) ~[na:1.6.0_31]
	at sun.reflect.NativeConstructorAccessorImpl.newInstance(Unknown Source) ~[na:1.6.0_31]
	at sun.reflect.DelegatingConstructorAccessorImpl.newInstance(Unknown Source) ~[na:1.6.0_31]
	at java.lang.reflect.Constructor.newInstance(Unknown Source) ~[na:1.6.0_31]
	at com.mysql.jdbc.Util.handleNewInstance(Util.java:411) ~[mysql-connector-java-5.1.17-bin.jar:na]
	at com.mysql.jdbc.Util.getInstance(Util.java:386) ~[mysql-connector-java-5.1.17-bin.jar:na]
	at com.mysql.jdbc.SQLError.createSQLException(SQLError.java:1052) ~[mysql-connector-java-5.1.17-bin.jar:na]
	at com.mysql.jdbc.MysqlIO.checkErrorPacket(MysqlIO.java:3597) ~[mysql-connector-java-5.1.17-bin.jar:na]
	at com.mysql.jdbc.MysqlIO.checkErrorPacket(MysqlIO.java:3529) ~[mysql-connector-java-5.1.17-bin.jar:na]
	at com.mysql.jdbc.MysqlIO.sendCommand(MysqlIO.java:1990) ~[mysql-connector-java-5.1.17-bin.jar:na]
	at com.mysql.jdbc.MysqlIO.sqlQueryDirect(MysqlIO.java:2151) ~[mysql-connector-java-5.1.17-bin.jar:na]
	at com.mysql.jdbc.ConnectionImpl.execSQL(ConnectionImpl.java:2625) ~[mysql-connector-java-5.1.17-bin.jar:na]
	at com.mysql.jdbc.PreparedStatement.executeInternal(PreparedStatement.java:2119) ~[mysql-connector-java-5.1.17-bin.jar:na]
	at com.mysql.jdbc.PreparedStatement.executeQuery(PreparedStatement.java:2281) ~[mysql-connector-java-5.1.17-bin.jar:na]
	at com.jolbox.bonecp.PreparedStatementHandle.executeQuery(PreparedStatementHandle.java:172) ~[bonecp-0.7.1.RELEASE.jar:0.7.1.RELEASE]
	at foundation.finder.ServerParameterFinder.find(ServerParameterFinder.java:54) ~[bin/:na]
	at domain.serverparameter.mappers.ServerParameterInputMapper.find(ServerParameterInputMapper.java:29) ~[bin/:na]
	at application.ServerParameters.get(ServerParameters.java:60) ~[bin/:na]
	at application.PurgeMonitor.deleteExpiredMessages(PurgeMonitor.java:92) [bin/:na]
	at application.PurgeMonitor.access$0(PurgeMonitor.java:89) [bin/:na]
	at application.PurgeMonitor$1.run(PurgeMonitor.java:71) [bin/:na]
	at java.util.concurrent.Executors$RunnableAdapter.call(Unknown Source) [na:1.6.0_31]
	at java.util.concurrent.FutureTask$Sync.innerRunAndReset(Unknown Source) [na:1.6.0_31]
	at java.util.concurrent.FutureTask.runAndReset(Unknown Source) [na:1.6.0_31]
	at java.util.concurrent.ScheduledThreadPoolExecutor$ScheduledFutureTask.access$101(Unknown Source) [na:1.6.0_31]
	at java.util.concurrent.ScheduledThreadPoolExecutor$ScheduledFutureTask.runPeriodic(Unknown Source) [na:1.6.0_31]
	at java.util.concurrent.ScheduledThreadPoolExecutor$ScheduledFutureTask.run(Unknown Source) [na:1.6.0_31]
	at java.util.concurrent.ThreadPoolExecutor$Worker.runTask(Unknown Source) [na:1.6.0_31]
	at java.util.concurrent.ThreadPoolExecutor$Worker.run(Unknown Source) [na:1.6.0_31]
	at java.lang.Thread.run(Unknown Source) [na:1.6.0_31]
20:51:46 [main] INFO  application - New Message with ID 274700739565920572576063785396718754068 was created.
21:22:54 [main] INFO  application - Properties file opened in PropertiesRegistry static block.
21:22:56 [main] INFO  application - DbRegistry prepared with key "".
21:23:02 [pool-4-thread-1] ERROR application - SQLExcepion occurred when trying the retrieve a parameter from the database: {}
com.mysql.jdbc.exceptions.jdbc4.MySQLSyntaxErrorException: Table 'soen490.application_serverparameters' doesn't exist
	at sun.reflect.NativeConstructorAccessorImpl.newInstance0(Native Method) ~[na:1.6.0_31]
	at sun.reflect.NativeConstructorAccessorImpl.newInstance(Unknown Source) ~[na:1.6.0_31]
	at sun.reflect.DelegatingConstructorAccessorImpl.newInstance(Unknown Source) ~[na:1.6.0_31]
	at java.lang.reflect.Constructor.newInstance(Unknown Source) ~[na:1.6.0_31]
	at com.mysql.jdbc.Util.handleNewInstance(Util.java:411) ~[mysql-connector-java-5.1.17-bin.jar:na]
	at com.mysql.jdbc.Util.getInstance(Util.java:386) ~[mysql-connector-java-5.1.17-bin.jar:na]
	at com.mysql.jdbc.SQLError.createSQLException(SQLError.java:1052) ~[mysql-connector-java-5.1.17-bin.jar:na]
	at com.mysql.jdbc.MysqlIO.checkErrorPacket(MysqlIO.java:3597) ~[mysql-connector-java-5.1.17-bin.jar:na]
	at com.mysql.jdbc.MysqlIO.checkErrorPacket(MysqlIO.java:3529) ~[mysql-connector-java-5.1.17-bin.jar:na]
	at com.mysql.jdbc.MysqlIO.sendCommand(MysqlIO.java:1990) ~[mysql-connector-java-5.1.17-bin.jar:na]
	at com.mysql.jdbc.MysqlIO.sqlQueryDirect(MysqlIO.java:2151) ~[mysql-connector-java-5.1.17-bin.jar:na]
	at com.mysql.jdbc.ConnectionImpl.execSQL(ConnectionImpl.java:2625) ~[mysql-connector-java-5.1.17-bin.jar:na]
	at com.mysql.jdbc.PreparedStatement.executeInternal(PreparedStatement.java:2119) ~[mysql-connector-java-5.1.17-bin.jar:na]
	at com.mysql.jdbc.PreparedStatement.executeQuery(PreparedStatement.java:2281) ~[mysql-connector-java-5.1.17-bin.jar:na]
	at com.jolbox.bonecp.PreparedStatementHandle.executeQuery(PreparedStatementHandle.java:172) ~[bonecp-0.7.1.RELEASE.jar:0.7.1.RELEASE]
	at foundation.finder.ServerParameterFinder.find(ServerParameterFinder.java:54) ~[bin/:na]
	at domain.serverparameter.mappers.ServerParameterInputMapper.find(ServerParameterInputMapper.java:29) ~[bin/:na]
	at application.ServerParameters.get(ServerParameters.java:60) ~[bin/:na]
	at application.PurgeMonitor.deleteExpiredMessages(PurgeMonitor.java:92) [bin/:na]
	at application.PurgeMonitor.access$0(PurgeMonitor.java:89) [bin/:na]
	at application.PurgeMonitor$1.run(PurgeMonitor.java:71) [bin/:na]
	at java.util.concurrent.Executors$RunnableAdapter.call(Unknown Source) [na:1.6.0_31]
	at java.util.concurrent.FutureTask$Sync.innerRunAndReset(Unknown Source) [na:1.6.0_31]
	at java.util.concurrent.FutureTask.runAndReset(Unknown Source) [na:1.6.0_31]
	at java.util.concurrent.ScheduledThreadPoolExecutor$ScheduledFutureTask.access$101(Unknown Source) [na:1.6.0_31]
	at java.util.concurrent.ScheduledThreadPoolExecutor$ScheduledFutureTask.runPeriodic(Unknown Source) [na:1.6.0_31]
	at java.util.concurrent.ScheduledThreadPoolExecutor$ScheduledFutureTask.run(Unknown Source) [na:1.6.0_31]
	at java.util.concurrent.ThreadPoolExecutor$Worker.runTask(Unknown Source) [na:1.6.0_31]
	at java.util.concurrent.ThreadPoolExecutor$Worker.run(Unknown Source) [na:1.6.0_31]
	at java.lang.Thread.run(Unknown Source) [na:1.6.0_31]
21:23:11 [main] INFO  application - New Message with ID 20033249224156606178403999934103307224 was created.
17:24:50 [main] INFO  application - Properties file opened in PropertiesRegistry static block.
17:25:01 [pool-3-thread-1] ERROR application - SQLExcepion occurred when trying the retrieve a parameter from the database: {}
com.mysql.jdbc.exceptions.jdbc4.MySQLSyntaxErrorException: Table 'soen490.application_serverparameters' doesn't exist
	at sun.reflect.NativeConstructorAccessorImpl.newInstance0(Native Method) ~[na:1.6.0_31]
	at sun.reflect.NativeConstructorAccessorImpl.newInstance(Unknown Source) ~[na:1.6.0_31]
	at sun.reflect.DelegatingConstructorAccessorImpl.newInstance(Unknown Source) ~[na:1.6.0_31]
	at java.lang.reflect.Constructor.newInstance(Unknown Source) ~[na:1.6.0_31]
	at com.mysql.jdbc.Util.handleNewInstance(Util.java:411) ~[mysql-connector-java-5.1.17-bin.jar:na]
	at com.mysql.jdbc.Util.getInstance(Util.java:386) ~[mysql-connector-java-5.1.17-bin.jar:na]
	at com.mysql.jdbc.SQLError.createSQLException(SQLError.java:1052) ~[mysql-connector-java-5.1.17-bin.jar:na]
	at com.mysql.jdbc.MysqlIO.checkErrorPacket(MysqlIO.java:3597) ~[mysql-connector-java-5.1.17-bin.jar:na]
	at com.mysql.jdbc.MysqlIO.checkErrorPacket(MysqlIO.java:3529) ~[mysql-connector-java-5.1.17-bin.jar:na]
	at com.mysql.jdbc.MysqlIO.sendCommand(MysqlIO.java:1990) ~[mysql-connector-java-5.1.17-bin.jar:na]
	at com.mysql.jdbc.MysqlIO.sqlQueryDirect(MysqlIO.java:2151) ~[mysql-connector-java-5.1.17-bin.jar:na]
	at com.mysql.jdbc.ConnectionImpl.execSQL(ConnectionImpl.java:2625) ~[mysql-connector-java-5.1.17-bin.jar:na]
	at com.mysql.jdbc.PreparedStatement.executeInternal(PreparedStatement.java:2119) ~[mysql-connector-java-5.1.17-bin.jar:na]
	at com.mysql.jdbc.PreparedStatement.executeQuery(PreparedStatement.java:2281) ~[mysql-connector-java-5.1.17-bin.jar:na]
	at com.jolbox.bonecp.PreparedStatementHandle.executeQuery(PreparedStatementHandle.java:172) ~[bonecp-0.7.1.RELEASE.jar:0.7.1.RELEASE]
	at foundation.finder.ServerParameterFinder.find(ServerParameterFinder.java:54) ~[bin/:na]
	at domain.serverparameter.mappers.ServerParameterInputMapper.find(ServerParameterInputMapper.java:29) ~[bin/:na]
	at application.ServerParameters.get(ServerParameters.java:60) ~[bin/:na]
	at application.PurgeMonitor.deleteExpiredMessages(PurgeMonitor.java:92) [bin/:na]
	at application.PurgeMonitor.access$0(PurgeMonitor.java:89) [bin/:na]
	at application.PurgeMonitor$1.run(PurgeMonitor.java:71) [bin/:na]
	at java.util.concurrent.Executors$RunnableAdapter.call(Unknown Source) [na:1.6.0_31]
	at java.util.concurrent.FutureTask$Sync.innerRunAndReset(Unknown Source) [na:1.6.0_31]
	at java.util.concurrent.FutureTask.runAndReset(Unknown Source) [na:1.6.0_31]
	at java.util.concurrent.ScheduledThreadPoolExecutor$ScheduledFutureTask.access$101(Unknown Source) [na:1.6.0_31]
	at java.util.concurrent.ScheduledThreadPoolExecutor$ScheduledFutureTask.runPeriodic(Unknown Source) [na:1.6.0_31]
	at java.util.concurrent.ScheduledThreadPoolExecutor$ScheduledFutureTask.run(Unknown Source) [na:1.6.0_31]
	at java.util.concurrent.ThreadPoolExecutor$Worker.runTask(Unknown Source) [na:1.6.0_31]
	at java.util.concurrent.ThreadPoolExecutor$Worker.run(Unknown Source) [na:1.6.0_31]
	at java.lang.Thread.run(Unknown Source) [na:1.6.0_31]
17:25:17 [main] INFO  application - New Message with ID 19573168402279095067361136046325114225 was created.
17:26:25 [main] INFO  application - Properties file opened in PropertiesRegistry static block.
17:26:32 [pool-3-thread-1] ERROR application - SQLExcepion occurred when trying the retrieve a parameter from the database: {}
com.mysql.jdbc.exceptions.jdbc4.MySQLSyntaxErrorException: Table 'soen490.application_serverparameters' doesn't exist
	at sun.reflect.NativeConstructorAccessorImpl.newInstance0(Native Method) ~[na:1.6.0_31]
	at sun.reflect.NativeConstructorAccessorImpl.newInstance(Unknown Source) ~[na:1.6.0_31]
	at sun.reflect.DelegatingConstructorAccessorImpl.newInstance(Unknown Source) ~[na:1.6.0_31]
	at java.lang.reflect.Constructor.newInstance(Unknown Source) ~[na:1.6.0_31]
	at com.mysql.jdbc.Util.handleNewInstance(Util.java:411) ~[mysql-connector-java-5.1.17-bin.jar:na]
	at com.mysql.jdbc.Util.getInstance(Util.java:386) ~[mysql-connector-java-5.1.17-bin.jar:na]
	at com.mysql.jdbc.SQLError.createSQLException(SQLError.java:1052) ~[mysql-connector-java-5.1.17-bin.jar:na]
	at com.mysql.jdbc.MysqlIO.checkErrorPacket(MysqlIO.java:3597) ~[mysql-connector-java-5.1.17-bin.jar:na]
	at com.mysql.jdbc.MysqlIO.checkErrorPacket(MysqlIO.java:3529) ~[mysql-connector-java-5.1.17-bin.jar:na]
	at com.mysql.jdbc.MysqlIO.sendCommand(MysqlIO.java:1990) ~[mysql-connector-java-5.1.17-bin.jar:na]
	at com.mysql.jdbc.MysqlIO.sqlQueryDirect(MysqlIO.java:2151) ~[mysql-connector-java-5.1.17-bin.jar:na]
	at com.mysql.jdbc.ConnectionImpl.execSQL(ConnectionImpl.java:2625) ~[mysql-connector-java-5.1.17-bin.jar:na]
	at com.mysql.jdbc.PreparedStatement.executeInternal(PreparedStatement.java:2119) ~[mysql-connector-java-5.1.17-bin.jar:na]
	at com.mysql.jdbc.PreparedStatement.executeQuery(PreparedStatement.java:2281) ~[mysql-connector-java-5.1.17-bin.jar:na]
	at com.jolbox.bonecp.PreparedStatementHandle.executeQuery(PreparedStatementHandle.java:172) ~[bonecp-0.7.1.RELEASE.jar:0.7.1.RELEASE]
	at foundation.finder.ServerParameterFinder.find(ServerParameterFinder.java:54) ~[bin/:na]
	at domain.serverparameter.mappers.ServerParameterInputMapper.find(ServerParameterInputMapper.java:29) ~[bin/:na]
	at application.ServerParameters.get(ServerParameters.java:60) ~[bin/:na]
	at application.PurgeMonitor.deleteExpiredMessages(PurgeMonitor.java:92) [bin/:na]
	at application.PurgeMonitor.access$0(PurgeMonitor.java:89) [bin/:na]
	at application.PurgeMonitor$1.run(PurgeMonitor.java:71) [bin/:na]
	at java.util.concurrent.Executors$RunnableAdapter.call(Unknown Source) [na:1.6.0_31]
	at java.util.concurrent.FutureTask$Sync.innerRunAndReset(Unknown Source) [na:1.6.0_31]
	at java.util.concurrent.FutureTask.runAndReset(Unknown Source) [na:1.6.0_31]
	at java.util.concurrent.ScheduledThreadPoolExecutor$ScheduledFutureTask.access$101(Unknown Source) [na:1.6.0_31]
	at java.util.concurrent.ScheduledThreadPoolExecutor$ScheduledFutureTask.runPeriodic(Unknown Source) [na:1.6.0_31]
	at java.util.concurrent.ScheduledThreadPoolExecutor$ScheduledFutureTask.run(Unknown Source) [na:1.6.0_31]
	at java.util.concurrent.ThreadPoolExecutor$Worker.runTask(Unknown Source) [na:1.6.0_31]
	at java.util.concurrent.ThreadPoolExecutor$Worker.run(Unknown Source) [na:1.6.0_31]
	at java.lang.Thread.run(Unknown Source) [na:1.6.0_31]
17:26:44 [main] INFO  application - New Message with ID 219053860630255583995154125668979569046 was created.
17:28:05 [main] INFO  application - Properties file opened in PropertiesRegistry static block.
17:30:58 [main] INFO  application - Properties file opened in PropertiesRegistry static block.
17:31:04 [pool-3-thread-1] ERROR application - SQLExcepion occurred when trying the retrieve a parameter from the database: {}
com.mysql.jdbc.exceptions.jdbc4.MySQLSyntaxErrorException: Table 'soen490.application_serverparameters' doesn't exist
	at sun.reflect.NativeConstructorAccessorImpl.newInstance0(Native Method) ~[na:1.6.0_31]
	at sun.reflect.NativeConstructorAccessorImpl.newInstance(Unknown Source) ~[na:1.6.0_31]
	at sun.reflect.DelegatingConstructorAccessorImpl.newInstance(Unknown Source) ~[na:1.6.0_31]
	at java.lang.reflect.Constructor.newInstance(Unknown Source) ~[na:1.6.0_31]
	at com.mysql.jdbc.Util.handleNewInstance(Util.java:411) ~[mysql-connector-java-5.1.17-bin.jar:na]
	at com.mysql.jdbc.Util.getInstance(Util.java:386) ~[mysql-connector-java-5.1.17-bin.jar:na]
	at com.mysql.jdbc.SQLError.createSQLException(SQLError.java:1052) ~[mysql-connector-java-5.1.17-bin.jar:na]
	at com.mysql.jdbc.MysqlIO.checkErrorPacket(MysqlIO.java:3597) ~[mysql-connector-java-5.1.17-bin.jar:na]
	at com.mysql.jdbc.MysqlIO.checkErrorPacket(MysqlIO.java:3529) ~[mysql-connector-java-5.1.17-bin.jar:na]
	at com.mysql.jdbc.MysqlIO.sendCommand(MysqlIO.java:1990) ~[mysql-connector-java-5.1.17-bin.jar:na]
	at com.mysql.jdbc.MysqlIO.sqlQueryDirect(MysqlIO.java:2151) ~[mysql-connector-java-5.1.17-bin.jar:na]
	at com.mysql.jdbc.ConnectionImpl.execSQL(ConnectionImpl.java:2625) ~[mysql-connector-java-5.1.17-bin.jar:na]
	at com.mysql.jdbc.PreparedStatement.executeInternal(PreparedStatement.java:2119) ~[mysql-connector-java-5.1.17-bin.jar:na]
	at com.mysql.jdbc.PreparedStatement.executeQuery(PreparedStatement.java:2281) ~[mysql-connector-java-5.1.17-bin.jar:na]
	at com.jolbox.bonecp.PreparedStatementHandle.executeQuery(PreparedStatementHandle.java:172) ~[bonecp-0.7.1.RELEASE.jar:0.7.1.RELEASE]
	at foundation.finder.ServerParameterFinder.find(ServerParameterFinder.java:54) ~[bin/:na]
	at domain.serverparameter.mappers.ServerParameterInputMapper.find(ServerParameterInputMapper.java:29) ~[bin/:na]
	at application.ServerParameters.get(ServerParameters.java:60) ~[bin/:na]
	at application.PurgeMonitor.deleteExpiredMessages(PurgeMonitor.java:92) [bin/:na]
	at application.PurgeMonitor.access$0(PurgeMonitor.java:89) [bin/:na]
	at application.PurgeMonitor$1.run(PurgeMonitor.java:71) [bin/:na]
	at java.util.concurrent.Executors$RunnableAdapter.call(Unknown Source) [na:1.6.0_31]
	at java.util.concurrent.FutureTask$Sync.innerRunAndReset(Unknown Source) [na:1.6.0_31]
	at java.util.concurrent.FutureTask.runAndReset(Unknown Source) [na:1.6.0_31]
	at java.util.concurrent.ScheduledThreadPoolExecutor$ScheduledFutureTask.access$101(Unknown Source) [na:1.6.0_31]
	at java.util.concurrent.ScheduledThreadPoolExecutor$ScheduledFutureTask.runPeriodic(Unknown Source) [na:1.6.0_31]
	at java.util.concurrent.ScheduledThreadPoolExecutor$ScheduledFutureTask.run(Unknown Source) [na:1.6.0_31]
	at java.util.concurrent.ThreadPoolExecutor$Worker.runTask(Unknown Source) [na:1.6.0_31]
	at java.util.concurrent.ThreadPoolExecutor$Worker.run(Unknown Source) [na:1.6.0_31]
	at java.lang.Thread.run(Unknown Source) [na:1.6.0_31]
17:31:13 [main] INFO  application - New Message with ID 315007229662799653352254314530455614317 was created.
17:32:19 [main] INFO  application - Properties file opened in PropertiesRegistry static block.
17:32:25 [pool-3-thread-1] ERROR application - SQLExcepion occurred when trying the retrieve a parameter from the database: {}
com.mysql.jdbc.exceptions.jdbc4.MySQLSyntaxErrorException: Table 'soen490.application_serverparameters' doesn't exist
	at sun.reflect.NativeConstructorAccessorImpl.newInstance0(Native Method) ~[na:1.6.0_31]
	at sun.reflect.NativeConstructorAccessorImpl.newInstance(Unknown Source) ~[na:1.6.0_31]
	at sun.reflect.DelegatingConstructorAccessorImpl.newInstance(Unknown Source) ~[na:1.6.0_31]
	at java.lang.reflect.Constructor.newInstance(Unknown Source) ~[na:1.6.0_31]
	at com.mysql.jdbc.Util.handleNewInstance(Util.java:411) ~[mysql-connector-java-5.1.17-bin.jar:na]
	at com.mysql.jdbc.Util.getInstance(Util.java:386) ~[mysql-connector-java-5.1.17-bin.jar:na]
	at com.mysql.jdbc.SQLError.createSQLException(SQLError.java:1052) ~[mysql-connector-java-5.1.17-bin.jar:na]
	at com.mysql.jdbc.MysqlIO.checkErrorPacket(MysqlIO.java:3597) ~[mysql-connector-java-5.1.17-bin.jar:na]
	at com.mysql.jdbc.MysqlIO.checkErrorPacket(MysqlIO.java:3529) ~[mysql-connector-java-5.1.17-bin.jar:na]
	at com.mysql.jdbc.MysqlIO.sendCommand(MysqlIO.java:1990) ~[mysql-connector-java-5.1.17-bin.jar:na]
	at com.mysql.jdbc.MysqlIO.sqlQueryDirect(MysqlIO.java:2151) ~[mysql-connector-java-5.1.17-bin.jar:na]
	at com.mysql.jdbc.ConnectionImpl.execSQL(ConnectionImpl.java:2625) ~[mysql-connector-java-5.1.17-bin.jar:na]
	at com.mysql.jdbc.PreparedStatement.executeInternal(PreparedStatement.java:2119) ~[mysql-connector-java-5.1.17-bin.jar:na]
	at com.mysql.jdbc.PreparedStatement.executeQuery(PreparedStatement.java:2281) ~[mysql-connector-java-5.1.17-bin.jar:na]
	at com.jolbox.bonecp.PreparedStatementHandle.executeQuery(PreparedStatementHandle.java:172) ~[bonecp-0.7.1.RELEASE.jar:0.7.1.RELEASE]
	at foundation.finder.ServerParameterFinder.find(ServerParameterFinder.java:54) ~[bin/:na]
	at domain.serverparameter.mappers.ServerParameterInputMapper.find(ServerParameterInputMapper.java:29) ~[bin/:na]
	at application.ServerParameters.get(ServerParameters.java:60) ~[bin/:na]
	at application.PurgeMonitor.deleteExpiredMessages(PurgeMonitor.java:92) [bin/:na]
	at application.PurgeMonitor.access$0(PurgeMonitor.java:89) [bin/:na]
	at application.PurgeMonitor$1.run(PurgeMonitor.java:71) [bin/:na]
	at java.util.concurrent.Executors$RunnableAdapter.call(Unknown Source) [na:1.6.0_31]
	at java.util.concurrent.FutureTask$Sync.innerRunAndReset(Unknown Source) [na:1.6.0_31]
	at java.util.concurrent.FutureTask.runAndReset(Unknown Source) [na:1.6.0_31]
	at java.util.concurrent.ScheduledThreadPoolExecutor$ScheduledFutureTask.access$101(Unknown Source) [na:1.6.0_31]
	at java.util.concurrent.ScheduledThreadPoolExecutor$ScheduledFutureTask.runPeriodic(Unknown Source) [na:1.6.0_31]
	at java.util.concurrent.ScheduledThreadPoolExecutor$ScheduledFutureTask.run(Unknown Source) [na:1.6.0_31]
	at java.util.concurrent.ThreadPoolExecutor$Worker.runTask(Unknown Source) [na:1.6.0_31]
	at java.util.concurrent.ThreadPoolExecutor$Worker.run(Unknown Source) [na:1.6.0_31]
	at java.lang.Thread.run(Unknown Source) [na:1.6.0_31]
17:32:34 [main] INFO  application - New Message with ID 313546225638734800157524767858794917709 was created.
17:34:50 [main] INFO  application - Properties file opened in PropertiesRegistry static block.
17:37:03 [main] INFO  application - Properties file opened in PropertiesRegistry static block.
17:39:01 [main] INFO  application - Properties file opened in PropertiesRegistry static block.
17:39:54 [main] INFO  application - Properties file opened in PropertiesRegistry static block.
17:39:56 [main] INFO  application - DbRegistry prepared with key "".
17:40:01 [pool-4-thread-1] ERROR application - SQLExcepion occurred when trying the retrieve a parameter from the database: {}
com.mysql.jdbc.exceptions.jdbc4.MySQLSyntaxErrorException: Table 'soen490.application_serverparameters' doesn't exist
	at sun.reflect.NativeConstructorAccessorImpl.newInstance0(Native Method) ~[na:1.6.0_31]
	at sun.reflect.NativeConstructorAccessorImpl.newInstance(Unknown Source) ~[na:1.6.0_31]
	at sun.reflect.DelegatingConstructorAccessorImpl.newInstance(Unknown Source) ~[na:1.6.0_31]
	at java.lang.reflect.Constructor.newInstance(Unknown Source) ~[na:1.6.0_31]
	at com.mysql.jdbc.Util.handleNewInstance(Util.java:411) ~[mysql-connector-java-5.1.17-bin.jar:na]
	at com.mysql.jdbc.Util.getInstance(Util.java:386) ~[mysql-connector-java-5.1.17-bin.jar:na]
	at com.mysql.jdbc.SQLError.createSQLException(SQLError.java:1052) ~[mysql-connector-java-5.1.17-bin.jar:na]
	at com.mysql.jdbc.MysqlIO.checkErrorPacket(MysqlIO.java:3597) ~[mysql-connector-java-5.1.17-bin.jar:na]
	at com.mysql.jdbc.MysqlIO.checkErrorPacket(MysqlIO.java:3529) ~[mysql-connector-java-5.1.17-bin.jar:na]
	at com.mysql.jdbc.MysqlIO.sendCommand(MysqlIO.java:1990) ~[mysql-connector-java-5.1.17-bin.jar:na]
	at com.mysql.jdbc.MysqlIO.sqlQueryDirect(MysqlIO.java:2151) ~[mysql-connector-java-5.1.17-bin.jar:na]
	at com.mysql.jdbc.ConnectionImpl.execSQL(ConnectionImpl.java:2625) ~[mysql-connector-java-5.1.17-bin.jar:na]
	at com.mysql.jdbc.PreparedStatement.executeInternal(PreparedStatement.java:2119) ~[mysql-connector-java-5.1.17-bin.jar:na]
	at com.mysql.jdbc.PreparedStatement.executeQuery(PreparedStatement.java:2281) ~[mysql-connector-java-5.1.17-bin.jar:na]
	at com.jolbox.bonecp.PreparedStatementHandle.executeQuery(PreparedStatementHandle.java:172) ~[bonecp-0.7.1.RELEASE.jar:0.7.1.RELEASE]
	at foundation.finder.ServerParameterFinder.find(ServerParameterFinder.java:54) ~[bin/:na]
	at domain.serverparameter.mappers.ServerParameterInputMapper.find(ServerParameterInputMapper.java:29) ~[bin/:na]
	at application.ServerParameters.get(ServerParameters.java:60) ~[bin/:na]
	at application.PurgeMonitor.deleteExpiredMessages(PurgeMonitor.java:92) [bin/:na]
	at application.PurgeMonitor.access$0(PurgeMonitor.java:89) [bin/:na]
	at application.PurgeMonitor$1.run(PurgeMonitor.java:71) [bin/:na]
	at java.util.concurrent.Executors$RunnableAdapter.call(Unknown Source) [na:1.6.0_31]
	at java.util.concurrent.FutureTask$Sync.innerRunAndReset(Unknown Source) [na:1.6.0_31]
	at java.util.concurrent.FutureTask.runAndReset(Unknown Source) [na:1.6.0_31]
	at java.util.concurrent.ScheduledThreadPoolExecutor$ScheduledFutureTask.access$101(Unknown Source) [na:1.6.0_31]
	at java.util.concurrent.ScheduledThreadPoolExecutor$ScheduledFutureTask.runPeriodic(Unknown Source) [na:1.6.0_31]
	at java.util.concurrent.ScheduledThreadPoolExecutor$ScheduledFutureTask.run(Unknown Source) [na:1.6.0_31]
	at java.util.concurrent.ThreadPoolExecutor$Worker.runTask(Unknown Source) [na:1.6.0_31]
	at java.util.concurrent.ThreadPoolExecutor$Worker.run(Unknown Source) [na:1.6.0_31]
	at java.lang.Thread.run(Unknown Source) [na:1.6.0_31]
17:40:09 [main] INFO  application - New Message with ID 343795273890243127700223375322287871 was created.
14:00:04 [main] INFO  application - Properties file opened in PropertiesRegistry static block.
14:00:18 [pool-3-thread-1] ERROR application - SQLExcepion occurred when trying the retrieve a parameter from the database: {}
com.mysql.jdbc.exceptions.jdbc4.MySQLSyntaxErrorException: Table 'soen490.application_serverparameters' doesn't exist
	at sun.reflect.NativeConstructorAccessorImpl.newInstance0(Native Method) ~[na:1.6.0_31]
	at sun.reflect.NativeConstructorAccessorImpl.newInstance(Unknown Source) ~[na:1.6.0_31]
	at sun.reflect.DelegatingConstructorAccessorImpl.newInstance(Unknown Source) ~[na:1.6.0_31]
	at java.lang.reflect.Constructor.newInstance(Unknown Source) ~[na:1.6.0_31]
	at com.mysql.jdbc.Util.handleNewInstance(Util.java:411) ~[mysql-connector-java-5.1.17-bin.jar:na]
	at com.mysql.jdbc.Util.getInstance(Util.java:386) ~[mysql-connector-java-5.1.17-bin.jar:na]
	at com.mysql.jdbc.SQLError.createSQLException(SQLError.java:1052) ~[mysql-connector-java-5.1.17-bin.jar:na]
	at com.mysql.jdbc.MysqlIO.checkErrorPacket(MysqlIO.java:3597) ~[mysql-connector-java-5.1.17-bin.jar:na]
	at com.mysql.jdbc.MysqlIO.checkErrorPacket(MysqlIO.java:3529) ~[mysql-connector-java-5.1.17-bin.jar:na]
	at com.mysql.jdbc.MysqlIO.sendCommand(MysqlIO.java:1990) ~[mysql-connector-java-5.1.17-bin.jar:na]
	at com.mysql.jdbc.MysqlIO.sqlQueryDirect(MysqlIO.java:2151) ~[mysql-connector-java-5.1.17-bin.jar:na]
	at com.mysql.jdbc.ConnectionImpl.execSQL(ConnectionImpl.java:2625) ~[mysql-connector-java-5.1.17-bin.jar:na]
	at com.mysql.jdbc.PreparedStatement.executeInternal(PreparedStatement.java:2119) ~[mysql-connector-java-5.1.17-bin.jar:na]
	at com.mysql.jdbc.PreparedStatement.executeQuery(PreparedStatement.java:2281) ~[mysql-connector-java-5.1.17-bin.jar:na]
	at com.jolbox.bonecp.PreparedStatementHandle.executeQuery(PreparedStatementHandle.java:172) ~[bonecp-0.7.1.RELEASE.jar:0.7.1.RELEASE]
	at foundation.finder.ServerParameterFinder.find(ServerParameterFinder.java:68) ~[bin/:na]
	at domain.serverparameter.mappers.ServerParameterInputMapper.find(ServerParameterInputMapper.java:29) ~[bin/:na]
	at application.ServerParameters.get(ServerParameters.java:74) ~[bin/:na]
	at application.PurgeMonitor.deleteExpiredMessages(PurgeMonitor.java:93) [bin/:na]
	at application.PurgeMonitor.access$0(PurgeMonitor.java:90) [bin/:na]
	at application.PurgeMonitor$1.run(PurgeMonitor.java:72) [bin/:na]
	at java.util.concurrent.Executors$RunnableAdapter.call(Unknown Source) [na:1.6.0_31]
	at java.util.concurrent.FutureTask$Sync.innerRunAndReset(Unknown Source) [na:1.6.0_31]
	at java.util.concurrent.FutureTask.runAndReset(Unknown Source) [na:1.6.0_31]
	at java.util.concurrent.ScheduledThreadPoolExecutor$ScheduledFutureTask.access$101(Unknown Source) [na:1.6.0_31]
	at java.util.concurrent.ScheduledThreadPoolExecutor$ScheduledFutureTask.runPeriodic(Unknown Source) [na:1.6.0_31]
	at java.util.concurrent.ScheduledThreadPoolExecutor$ScheduledFutureTask.run(Unknown Source) [na:1.6.0_31]
	at java.util.concurrent.ThreadPoolExecutor$Worker.runTask(Unknown Source) [na:1.6.0_31]
	at java.util.concurrent.ThreadPoolExecutor$Worker.run(Unknown Source) [na:1.6.0_31]
	at java.lang.Thread.run(Unknown Source) [na:1.6.0_31]
14:01:41 [main] INFO  application - Properties file opened in PropertiesRegistry static block.
14:01:47 [pool-3-thread-1] ERROR application - SQLExcepion occurred when trying the retrieve a parameter from the database: {}
com.mysql.jdbc.exceptions.jdbc4.MySQLSyntaxErrorException: Table 'soen490.application_serverparameters' doesn't exist
	at sun.reflect.NativeConstructorAccessorImpl.newInstance0(Native Method) ~[na:1.6.0_31]
	at sun.reflect.NativeConstructorAccessorImpl.newInstance(Unknown Source) ~[na:1.6.0_31]
	at sun.reflect.DelegatingConstructorAccessorImpl.newInstance(Unknown Source) ~[na:1.6.0_31]
	at java.lang.reflect.Constructor.newInstance(Unknown Source) ~[na:1.6.0_31]
	at com.mysql.jdbc.Util.handleNewInstance(Util.java:411) ~[mysql-connector-java-5.1.17-bin.jar:na]
	at com.mysql.jdbc.Util.getInstance(Util.java:386) ~[mysql-connector-java-5.1.17-bin.jar:na]
	at com.mysql.jdbc.SQLError.createSQLException(SQLError.java:1052) ~[mysql-connector-java-5.1.17-bin.jar:na]
	at com.mysql.jdbc.MysqlIO.checkErrorPacket(MysqlIO.java:3597) ~[mysql-connector-java-5.1.17-bin.jar:na]
	at com.mysql.jdbc.MysqlIO.checkErrorPacket(MysqlIO.java:3529) ~[mysql-connector-java-5.1.17-bin.jar:na]
	at com.mysql.jdbc.MysqlIO.sendCommand(MysqlIO.java:1990) ~[mysql-connector-java-5.1.17-bin.jar:na]
	at com.mysql.jdbc.MysqlIO.sqlQueryDirect(MysqlIO.java:2151) ~[mysql-connector-java-5.1.17-bin.jar:na]
	at com.mysql.jdbc.ConnectionImpl.execSQL(ConnectionImpl.java:2625) ~[mysql-connector-java-5.1.17-bin.jar:na]
	at com.mysql.jdbc.PreparedStatement.executeInternal(PreparedStatement.java:2119) ~[mysql-connector-java-5.1.17-bin.jar:na]
	at com.mysql.jdbc.PreparedStatement.executeQuery(PreparedStatement.java:2281) ~[mysql-connector-java-5.1.17-bin.jar:na]
	at com.jolbox.bonecp.PreparedStatementHandle.executeQuery(PreparedStatementHandle.java:172) ~[bonecp-0.7.1.RELEASE.jar:0.7.1.RELEASE]
	at foundation.finder.ServerParameterFinder.find(ServerParameterFinder.java:68) ~[bin/:na]
	at domain.serverparameter.mappers.ServerParameterInputMapper.find(ServerParameterInputMapper.java:29) ~[bin/:na]
	at application.ServerParameters.get(ServerParameters.java:74) ~[bin/:na]
	at application.PurgeMonitor.deleteExpiredMessages(PurgeMonitor.java:93) [bin/:na]
	at application.PurgeMonitor.access$0(PurgeMonitor.java:90) [bin/:na]
	at application.PurgeMonitor$1.run(PurgeMonitor.java:72) [bin/:na]
	at java.util.concurrent.Executors$RunnableAdapter.call(Unknown Source) [na:1.6.0_31]
	at java.util.concurrent.FutureTask$Sync.innerRunAndReset(Unknown Source) [na:1.6.0_31]
	at java.util.concurrent.FutureTask.runAndReset(Unknown Source) [na:1.6.0_31]
	at java.util.concurrent.ScheduledThreadPoolExecutor$ScheduledFutureTask.access$101(Unknown Source) [na:1.6.0_31]
	at java.util.concurrent.ScheduledThreadPoolExecutor$ScheduledFutureTask.runPeriodic(Unknown Source) [na:1.6.0_31]
	at java.util.concurrent.ScheduledThreadPoolExecutor$ScheduledFutureTask.run(Unknown Source) [na:1.6.0_31]
	at java.util.concurrent.ThreadPoolExecutor$Worker.runTask(Unknown Source) [na:1.6.0_31]
	at java.util.concurrent.ThreadPoolExecutor$Worker.run(Unknown Source) [na:1.6.0_31]
	at java.lang.Thread.run(Unknown Source) [na:1.6.0_31]
14:02:40 [main] INFO  application - Properties file opened in PropertiesRegistry static block.
14:04:21 [main] INFO  application - Properties file opened in PropertiesRegistry static block.
14:04:33 [main] INFO  application - Properties file opened in PropertiesRegistry static block.
14:05:46 [main] INFO  application - Properties file opened in PropertiesRegistry static block.
14:07:46 [main] INFO  application - Properties file opened in PropertiesRegistry static block.
14:08:18 [main] INFO  application - Properties file opened in PropertiesRegistry static block.
14:10:16 [main] INFO  application - Properties file opened in PropertiesRegistry static block.
14:10:27 [main] INFO  application - DbRegistry prepared with key "".
14:10:32 [pool-5-thread-1] ERROR application - SQLExcepion occurred when trying the retrieve a parameter from the database: {}
com.mysql.jdbc.exceptions.jdbc4.MySQLSyntaxErrorException: Table 'soen490.application_serverparameters' doesn't exist
	at sun.reflect.NativeConstructorAccessorImpl.newInstance0(Native Method) ~[na:1.6.0_31]
	at sun.reflect.NativeConstructorAccessorImpl.newInstance(Unknown Source) ~[na:1.6.0_31]
	at sun.reflect.DelegatingConstructorAccessorImpl.newInstance(Unknown Source) ~[na:1.6.0_31]
	at java.lang.reflect.Constructor.newInstance(Unknown Source) ~[na:1.6.0_31]
	at com.mysql.jdbc.Util.handleNewInstance(Util.java:411) ~[mysql-connector-java-5.1.17-bin.jar:na]
	at com.mysql.jdbc.Util.getInstance(Util.java:386) ~[mysql-connector-java-5.1.17-bin.jar:na]
	at com.mysql.jdbc.SQLError.createSQLException(SQLError.java:1052) ~[mysql-connector-java-5.1.17-bin.jar:na]
	at com.mysql.jdbc.MysqlIO.checkErrorPacket(MysqlIO.java:3597) ~[mysql-connector-java-5.1.17-bin.jar:na]
	at com.mysql.jdbc.MysqlIO.checkErrorPacket(MysqlIO.java:3529) ~[mysql-connector-java-5.1.17-bin.jar:na]
	at com.mysql.jdbc.MysqlIO.sendCommand(MysqlIO.java:1990) ~[mysql-connector-java-5.1.17-bin.jar:na]
	at com.mysql.jdbc.MysqlIO.sqlQueryDirect(MysqlIO.java:2151) ~[mysql-connector-java-5.1.17-bin.jar:na]
	at com.mysql.jdbc.ConnectionImpl.execSQL(ConnectionImpl.java:2625) ~[mysql-connector-java-5.1.17-bin.jar:na]
	at com.mysql.jdbc.PreparedStatement.executeInternal(PreparedStatement.java:2119) ~[mysql-connector-java-5.1.17-bin.jar:na]
	at com.mysql.jdbc.PreparedStatement.executeQuery(PreparedStatement.java:2281) ~[mysql-connector-java-5.1.17-bin.jar:na]
	at com.jolbox.bonecp.PreparedStatementHandle.executeQuery(PreparedStatementHandle.java:172) ~[bonecp-0.7.1.RELEASE.jar:0.7.1.RELEASE]
	at foundation.finder.ServerParameterFinder.find(ServerParameterFinder.java:68) ~[bin/:na]
	at domain.serverparameter.mappers.ServerParameterInputMapper.find(ServerParameterInputMapper.java:29) ~[bin/:na]
	at application.ServerParameters.get(ServerParameters.java:74) ~[bin/:na]
	at application.PurgeMonitor.deleteExpiredMessages(PurgeMonitor.java:93) [bin/:na]
	at application.PurgeMonitor.access$0(PurgeMonitor.java:90) [bin/:na]
	at application.PurgeMonitor$1.run(PurgeMonitor.java:72) [bin/:na]
	at java.util.concurrent.Executors$RunnableAdapter.call(Unknown Source) [na:1.6.0_31]
	at java.util.concurrent.FutureTask$Sync.innerRunAndReset(Unknown Source) [na:1.6.0_31]
	at java.util.concurrent.FutureTask.runAndReset(Unknown Source) [na:1.6.0_31]
	at java.util.concurrent.ScheduledThreadPoolExecutor$ScheduledFutureTask.access$101(Unknown Source) [na:1.6.0_31]
	at java.util.concurrent.ScheduledThreadPoolExecutor$ScheduledFutureTask.runPeriodic(Unknown Source) [na:1.6.0_31]
	at java.util.concurrent.ScheduledThreadPoolExecutor$ScheduledFutureTask.run(Unknown Source) [na:1.6.0_31]
	at java.util.concurrent.ThreadPoolExecutor$Worker.runTask(Unknown Source) [na:1.6.0_31]
	at java.util.concurrent.ThreadPoolExecutor$Worker.run(Unknown Source) [na:1.6.0_31]
	at java.lang.Thread.run(Unknown Source) [na:1.6.0_31]
14:15:51 [main] INFO  application - Properties file opened in PropertiesRegistry static block.
14:15:53 [main] INFO  application - DbRegistry prepared with key "".
14:15:58 [pool-5-thread-1] ERROR application - SQLExcepion occurred when trying the retrieve a parameter from the database: {}
com.mysql.jdbc.exceptions.jdbc4.MySQLSyntaxErrorException: Table 'soen490.application_serverparameters' doesn't exist
	at sun.reflect.NativeConstructorAccessorImpl.newInstance0(Native Method) ~[na:1.6.0_31]
	at sun.reflect.NativeConstructorAccessorImpl.newInstance(Unknown Source) ~[na:1.6.0_31]
	at sun.reflect.DelegatingConstructorAccessorImpl.newInstance(Unknown Source) ~[na:1.6.0_31]
	at java.lang.reflect.Constructor.newInstance(Unknown Source) ~[na:1.6.0_31]
	at com.mysql.jdbc.Util.handleNewInstance(Util.java:411) ~[mysql-connector-java-5.1.17-bin.jar:na]
	at com.mysql.jdbc.Util.getInstance(Util.java:386) ~[mysql-connector-java-5.1.17-bin.jar:na]
	at com.mysql.jdbc.SQLError.createSQLException(SQLError.java:1052) ~[mysql-connector-java-5.1.17-bin.jar:na]
	at com.mysql.jdbc.MysqlIO.checkErrorPacket(MysqlIO.java:3597) ~[mysql-connector-java-5.1.17-bin.jar:na]
	at com.mysql.jdbc.MysqlIO.checkErrorPacket(MysqlIO.java:3529) ~[mysql-connector-java-5.1.17-bin.jar:na]
	at com.mysql.jdbc.MysqlIO.sendCommand(MysqlIO.java:1990) ~[mysql-connector-java-5.1.17-bin.jar:na]
	at com.mysql.jdbc.MysqlIO.sqlQueryDirect(MysqlIO.java:2151) ~[mysql-connector-java-5.1.17-bin.jar:na]
	at com.mysql.jdbc.ConnectionImpl.execSQL(ConnectionImpl.java:2625) ~[mysql-connector-java-5.1.17-bin.jar:na]
	at com.mysql.jdbc.PreparedStatement.executeInternal(PreparedStatement.java:2119) ~[mysql-connector-java-5.1.17-bin.jar:na]
	at com.mysql.jdbc.PreparedStatement.executeQuery(PreparedStatement.java:2281) ~[mysql-connector-java-5.1.17-bin.jar:na]
	at com.jolbox.bonecp.PreparedStatementHandle.executeQuery(PreparedStatementHandle.java:172) ~[bonecp-0.7.1.RELEASE.jar:0.7.1.RELEASE]
	at foundation.finder.ServerParameterFinder.find(ServerParameterFinder.java:68) ~[bin/:na]
	at domain.serverparameter.mappers.ServerParameterInputMapper.find(ServerParameterInputMapper.java:29) ~[bin/:na]
	at application.ServerParameters.get(ServerParameters.java:74) ~[bin/:na]
	at application.PurgeMonitor.deleteExpiredMessages(PurgeMonitor.java:93) [bin/:na]
	at application.PurgeMonitor.access$0(PurgeMonitor.java:90) [bin/:na]
	at application.PurgeMonitor$1.run(PurgeMonitor.java:72) [bin/:na]
	at java.util.concurrent.Executors$RunnableAdapter.call(Unknown Source) [na:1.6.0_31]
	at java.util.concurrent.FutureTask$Sync.innerRunAndReset(Unknown Source) [na:1.6.0_31]
	at java.util.concurrent.FutureTask.runAndReset(Unknown Source) [na:1.6.0_31]
	at java.util.concurrent.ScheduledThreadPoolExecutor$ScheduledFutureTask.access$101(Unknown Source) [na:1.6.0_31]
	at java.util.concurrent.ScheduledThreadPoolExecutor$ScheduledFutureTask.runPeriodic(Unknown Source) [na:1.6.0_31]
	at java.util.concurrent.ScheduledThreadPoolExecutor$ScheduledFutureTask.run(Unknown Source) [na:1.6.0_31]
	at java.util.concurrent.ThreadPoolExecutor$Worker.runTask(Unknown Source) [na:1.6.0_31]
	at java.util.concurrent.ThreadPoolExecutor$Worker.run(Unknown Source) [na:1.6.0_31]
	at java.lang.Thread.run(Unknown Source) [na:1.6.0_31]
14:16:36 [main] INFO  application - Properties file opened in PropertiesRegistry static block.
14:16:38 [main] INFO  application - DbRegistry prepared with key "".
14:16:44 [pool-5-thread-1] ERROR application - SQLExcepion occurred when trying the retrieve a parameter from the database: {}
com.mysql.jdbc.exceptions.jdbc4.MySQLSyntaxErrorException: Table 'soen490.application_serverparameters' doesn't exist
	at sun.reflect.NativeConstructorAccessorImpl.newInstance0(Native Method) ~[na:1.6.0_31]
	at sun.reflect.NativeConstructorAccessorImpl.newInstance(Unknown Source) ~[na:1.6.0_31]
	at sun.reflect.DelegatingConstructorAccessorImpl.newInstance(Unknown Source) ~[na:1.6.0_31]
	at java.lang.reflect.Constructor.newInstance(Unknown Source) ~[na:1.6.0_31]
	at com.mysql.jdbc.Util.handleNewInstance(Util.java:411) ~[mysql-connector-java-5.1.17-bin.jar:na]
	at com.mysql.jdbc.Util.getInstance(Util.java:386) ~[mysql-connector-java-5.1.17-bin.jar:na]
	at com.mysql.jdbc.SQLError.createSQLException(SQLError.java:1052) ~[mysql-connector-java-5.1.17-bin.jar:na]
	at com.mysql.jdbc.MysqlIO.checkErrorPacket(MysqlIO.java:3597) ~[mysql-connector-java-5.1.17-bin.jar:na]
	at com.mysql.jdbc.MysqlIO.checkErrorPacket(MysqlIO.java:3529) ~[mysql-connector-java-5.1.17-bin.jar:na]
	at com.mysql.jdbc.MysqlIO.sendCommand(MysqlIO.java:1990) ~[mysql-connector-java-5.1.17-bin.jar:na]
	at com.mysql.jdbc.MysqlIO.sqlQueryDirect(MysqlIO.java:2151) ~[mysql-connector-java-5.1.17-bin.jar:na]
	at com.mysql.jdbc.ConnectionImpl.execSQL(ConnectionImpl.java:2625) ~[mysql-connector-java-5.1.17-bin.jar:na]
	at com.mysql.jdbc.PreparedStatement.executeInternal(PreparedStatement.java:2119) ~[mysql-connector-java-5.1.17-bin.jar:na]
	at com.mysql.jdbc.PreparedStatement.executeQuery(PreparedStatement.java:2281) ~[mysql-connector-java-5.1.17-bin.jar:na]
	at com.jolbox.bonecp.PreparedStatementHandle.executeQuery(PreparedStatementHandle.java:172) ~[bonecp-0.7.1.RELEASE.jar:0.7.1.RELEASE]
	at foundation.finder.ServerParameterFinder.find(ServerParameterFinder.java:68) ~[bin/:na]
	at domain.serverparameter.mappers.ServerParameterInputMapper.find(ServerParameterInputMapper.java:29) ~[bin/:na]
	at application.ServerParameters.get(ServerParameters.java:74) ~[bin/:na]
	at application.PurgeMonitor.deleteExpiredMessages(PurgeMonitor.java:93) [bin/:na]
	at application.PurgeMonitor.access$0(PurgeMonitor.java:90) [bin/:na]
	at application.PurgeMonitor$1.run(PurgeMonitor.java:72) [bin/:na]
	at java.util.concurrent.Executors$RunnableAdapter.call(Unknown Source) [na:1.6.0_31]
	at java.util.concurrent.FutureTask$Sync.innerRunAndReset(Unknown Source) [na:1.6.0_31]
	at java.util.concurrent.FutureTask.runAndReset(Unknown Source) [na:1.6.0_31]
	at java.util.concurrent.ScheduledThreadPoolExecutor$ScheduledFutureTask.access$101(Unknown Source) [na:1.6.0_31]
	at java.util.concurrent.ScheduledThreadPoolExecutor$ScheduledFutureTask.runPeriodic(Unknown Source) [na:1.6.0_31]
	at java.util.concurrent.ScheduledThreadPoolExecutor$ScheduledFutureTask.run(Unknown Source) [na:1.6.0_31]
	at java.util.concurrent.ThreadPoolExecutor$Worker.runTask(Unknown Source) [na:1.6.0_31]
	at java.util.concurrent.ThreadPoolExecutor$Worker.run(Unknown Source) [na:1.6.0_31]
	at java.lang.Thread.run(Unknown Source) [na:1.6.0_31]
14:20:09 [main] INFO  application - Properties file opened in PropertiesRegistry static block.
14:20:12 [main] INFO  application - DbRegistry prepared with key "".
14:20:17 [pool-5-thread-1] ERROR application - SQLExcepion occurred when trying the retrieve a parameter from the database: {}
com.mysql.jdbc.exceptions.jdbc4.MySQLSyntaxErrorException: Table 'soen490.application_serverparameters' doesn't exist
	at sun.reflect.NativeConstructorAccessorImpl.newInstance0(Native Method) ~[na:1.6.0_31]
	at sun.reflect.NativeConstructorAccessorImpl.newInstance(Unknown Source) ~[na:1.6.0_31]
	at sun.reflect.DelegatingConstructorAccessorImpl.newInstance(Unknown Source) ~[na:1.6.0_31]
	at java.lang.reflect.Constructor.newInstance(Unknown Source) ~[na:1.6.0_31]
	at com.mysql.jdbc.Util.handleNewInstance(Util.java:411) ~[mysql-connector-java-5.1.17-bin.jar:na]
	at com.mysql.jdbc.Util.getInstance(Util.java:386) ~[mysql-connector-java-5.1.17-bin.jar:na]
	at com.mysql.jdbc.SQLError.createSQLException(SQLError.java:1052) ~[mysql-connector-java-5.1.17-bin.jar:na]
	at com.mysql.jdbc.MysqlIO.checkErrorPacket(MysqlIO.java:3597) ~[mysql-connector-java-5.1.17-bin.jar:na]
	at com.mysql.jdbc.MysqlIO.checkErrorPacket(MysqlIO.java:3529) ~[mysql-connector-java-5.1.17-bin.jar:na]
	at com.mysql.jdbc.MysqlIO.sendCommand(MysqlIO.java:1990) ~[mysql-connector-java-5.1.17-bin.jar:na]
	at com.mysql.jdbc.MysqlIO.sqlQueryDirect(MysqlIO.java:2151) ~[mysql-connector-java-5.1.17-bin.jar:na]
	at com.mysql.jdbc.ConnectionImpl.execSQL(ConnectionImpl.java:2625) ~[mysql-connector-java-5.1.17-bin.jar:na]
	at com.mysql.jdbc.PreparedStatement.executeInternal(PreparedStatement.java:2119) ~[mysql-connector-java-5.1.17-bin.jar:na]
	at com.mysql.jdbc.PreparedStatement.executeQuery(PreparedStatement.java:2281) ~[mysql-connector-java-5.1.17-bin.jar:na]
	at com.jolbox.bonecp.PreparedStatementHandle.executeQuery(PreparedStatementHandle.java:172) ~[bonecp-0.7.1.RELEASE.jar:0.7.1.RELEASE]
	at foundation.finder.ServerParameterFinder.find(ServerParameterFinder.java:68) ~[bin/:na]
	at domain.serverparameter.mappers.ServerParameterInputMapper.find(ServerParameterInputMapper.java:29) ~[bin/:na]
	at application.ServerParameters.get(ServerParameters.java:74) ~[bin/:na]
	at application.PurgeMonitor.deleteExpiredMessages(PurgeMonitor.java:93) [bin/:na]
	at application.PurgeMonitor.access$0(PurgeMonitor.java:90) [bin/:na]
	at application.PurgeMonitor$1.run(PurgeMonitor.java:72) [bin/:na]
	at java.util.concurrent.Executors$RunnableAdapter.call(Unknown Source) [na:1.6.0_31]
	at java.util.concurrent.FutureTask$Sync.innerRunAndReset(Unknown Source) [na:1.6.0_31]
	at java.util.concurrent.FutureTask.runAndReset(Unknown Source) [na:1.6.0_31]
	at java.util.concurrent.ScheduledThreadPoolExecutor$ScheduledFutureTask.access$101(Unknown Source) [na:1.6.0_31]
	at java.util.concurrent.ScheduledThreadPoolExecutor$ScheduledFutureTask.runPeriodic(Unknown Source) [na:1.6.0_31]
	at java.util.concurrent.ScheduledThreadPoolExecutor$ScheduledFutureTask.run(Unknown Source) [na:1.6.0_31]
	at java.util.concurrent.ThreadPoolExecutor$Worker.runTask(Unknown Source) [na:1.6.0_31]
	at java.util.concurrent.ThreadPoolExecutor$Worker.run(Unknown Source) [na:1.6.0_31]
	at java.lang.Thread.run(Unknown Source) [na:1.6.0_31]
14:20:24 [main] INFO  application - New Message with ID 396239559474468161371765374633909636 was created.
14:25:41 [main] INFO  application - Properties file opened in PropertiesRegistry static block.
14:25:43 [main] INFO  application - DbRegistry prepared with key "".
14:25:48 [pool-5-thread-1] ERROR application - SQLExcepion occurred when trying the retrieve a parameter from the database: {}
com.mysql.jdbc.exceptions.jdbc4.MySQLSyntaxErrorException: Table 'soen490.application_serverparameters' doesn't exist
	at sun.reflect.NativeConstructorAccessorImpl.newInstance0(Native Method) ~[na:1.6.0_31]
	at sun.reflect.NativeConstructorAccessorImpl.newInstance(Unknown Source) ~[na:1.6.0_31]
	at sun.reflect.DelegatingConstructorAccessorImpl.newInstance(Unknown Source) ~[na:1.6.0_31]
	at java.lang.reflect.Constructor.newInstance(Unknown Source) ~[na:1.6.0_31]
	at com.mysql.jdbc.Util.handleNewInstance(Util.java:411) ~[mysql-connector-java-5.1.17-bin.jar:na]
	at com.mysql.jdbc.Util.getInstance(Util.java:386) ~[mysql-connector-java-5.1.17-bin.jar:na]
	at com.mysql.jdbc.SQLError.createSQLException(SQLError.java:1052) ~[mysql-connector-java-5.1.17-bin.jar:na]
	at com.mysql.jdbc.MysqlIO.checkErrorPacket(MysqlIO.java:3597) ~[mysql-connector-java-5.1.17-bin.jar:na]
	at com.mysql.jdbc.MysqlIO.checkErrorPacket(MysqlIO.java:3529) ~[mysql-connector-java-5.1.17-bin.jar:na]
	at com.mysql.jdbc.MysqlIO.sendCommand(MysqlIO.java:1990) ~[mysql-connector-java-5.1.17-bin.jar:na]
	at com.mysql.jdbc.MysqlIO.sqlQueryDirect(MysqlIO.java:2151) ~[mysql-connector-java-5.1.17-bin.jar:na]
	at com.mysql.jdbc.ConnectionImpl.execSQL(ConnectionImpl.java:2625) ~[mysql-connector-java-5.1.17-bin.jar:na]
	at com.mysql.jdbc.PreparedStatement.executeInternal(PreparedStatement.java:2119) ~[mysql-connector-java-5.1.17-bin.jar:na]
	at com.mysql.jdbc.PreparedStatement.executeQuery(PreparedStatement.java:2281) ~[mysql-connector-java-5.1.17-bin.jar:na]
	at com.jolbox.bonecp.PreparedStatementHandle.executeQuery(PreparedStatementHandle.java:172) ~[bonecp-0.7.1.RELEASE.jar:0.7.1.RELEASE]
	at foundation.finder.ServerParameterFinder.find(ServerParameterFinder.java:68) ~[bin/:na]
	at domain.serverparameter.mappers.ServerParameterInputMapper.find(ServerParameterInputMapper.java:29) ~[bin/:na]
	at application.ServerParameters.get(ServerParameters.java:74) ~[bin/:na]
	at application.PurgeMonitor.deleteExpiredMessages(PurgeMonitor.java:93) [bin/:na]
	at application.PurgeMonitor.access$0(PurgeMonitor.java:90) [bin/:na]
	at application.PurgeMonitor$1.run(PurgeMonitor.java:72) [bin/:na]
	at java.util.concurrent.Executors$RunnableAdapter.call(Unknown Source) [na:1.6.0_31]
	at java.util.concurrent.FutureTask$Sync.innerRunAndReset(Unknown Source) [na:1.6.0_31]
	at java.util.concurrent.FutureTask.runAndReset(Unknown Source) [na:1.6.0_31]
	at java.util.concurrent.ScheduledThreadPoolExecutor$ScheduledFutureTask.access$101(Unknown Source) [na:1.6.0_31]
	at java.util.concurrent.ScheduledThreadPoolExecutor$ScheduledFutureTask.runPeriodic(Unknown Source) [na:1.6.0_31]
	at java.util.concurrent.ScheduledThreadPoolExecutor$ScheduledFutureTask.run(Unknown Source) [na:1.6.0_31]
	at java.util.concurrent.ThreadPoolExecutor$Worker.runTask(Unknown Source) [na:1.6.0_31]
	at java.util.concurrent.ThreadPoolExecutor$Worker.run(Unknown Source) [na:1.6.0_31]
	at java.lang.Thread.run(Unknown Source) [na:1.6.0_31]
14:26:07 [main] INFO  application - New Message with ID 1030265435157643483158211409295089803 was created.
14:29:15 [main] INFO  application - Properties file opened in PropertiesRegistry static block.
14:29:17 [main] INFO  application - DbRegistry prepared with key "".
14:29:22 [pool-5-thread-1] ERROR application - SQLExcepion occurred when trying the retrieve a parameter from the database: {}
com.mysql.jdbc.exceptions.jdbc4.MySQLSyntaxErrorException: Table 'soen490.application_serverparameters' doesn't exist
	at sun.reflect.NativeConstructorAccessorImpl.newInstance0(Native Method) ~[na:1.6.0_31]
	at sun.reflect.NativeConstructorAccessorImpl.newInstance(Unknown Source) ~[na:1.6.0_31]
	at sun.reflect.DelegatingConstructorAccessorImpl.newInstance(Unknown Source) ~[na:1.6.0_31]
	at java.lang.reflect.Constructor.newInstance(Unknown Source) ~[na:1.6.0_31]
	at com.mysql.jdbc.Util.handleNewInstance(Util.java:411) ~[mysql-connector-java-5.1.17-bin.jar:na]
	at com.mysql.jdbc.Util.getInstance(Util.java:386) ~[mysql-connector-java-5.1.17-bin.jar:na]
	at com.mysql.jdbc.SQLError.createSQLException(SQLError.java:1052) ~[mysql-connector-java-5.1.17-bin.jar:na]
	at com.mysql.jdbc.MysqlIO.checkErrorPacket(MysqlIO.java:3597) ~[mysql-connector-java-5.1.17-bin.jar:na]
	at com.mysql.jdbc.MysqlIO.checkErrorPacket(MysqlIO.java:3529) ~[mysql-connector-java-5.1.17-bin.jar:na]
	at com.mysql.jdbc.MysqlIO.sendCommand(MysqlIO.java:1990) ~[mysql-connector-java-5.1.17-bin.jar:na]
	at com.mysql.jdbc.MysqlIO.sqlQueryDirect(MysqlIO.java:2151) ~[mysql-connector-java-5.1.17-bin.jar:na]
	at com.mysql.jdbc.ConnectionImpl.execSQL(ConnectionImpl.java:2625) ~[mysql-connector-java-5.1.17-bin.jar:na]
	at com.mysql.jdbc.PreparedStatement.executeInternal(PreparedStatement.java:2119) ~[mysql-connector-java-5.1.17-bin.jar:na]
	at com.mysql.jdbc.PreparedStatement.executeQuery(PreparedStatement.java:2281) ~[mysql-connector-java-5.1.17-bin.jar:na]
	at com.jolbox.bonecp.PreparedStatementHandle.executeQuery(PreparedStatementHandle.java:172) ~[bonecp-0.7.1.RELEASE.jar:0.7.1.RELEASE]
	at foundation.finder.ServerParameterFinder.find(ServerParameterFinder.java:68) ~[bin/:na]
	at domain.serverparameter.mappers.ServerParameterInputMapper.find(ServerParameterInputMapper.java:29) ~[bin/:na]
	at application.ServerParameters.get(ServerParameters.java:74) ~[bin/:na]
	at application.PurgeMonitor.deleteExpiredMessages(PurgeMonitor.java:93) [bin/:na]
	at application.PurgeMonitor.access$0(PurgeMonitor.java:90) [bin/:na]
	at application.PurgeMonitor$1.run(PurgeMonitor.java:72) [bin/:na]
	at java.util.concurrent.Executors$RunnableAdapter.call(Unknown Source) [na:1.6.0_31]
	at java.util.concurrent.FutureTask$Sync.innerRunAndReset(Unknown Source) [na:1.6.0_31]
	at java.util.concurrent.FutureTask.runAndReset(Unknown Source) [na:1.6.0_31]
	at java.util.concurrent.ScheduledThreadPoolExecutor$ScheduledFutureTask.access$101(Unknown Source) [na:1.6.0_31]
	at java.util.concurrent.ScheduledThreadPoolExecutor$ScheduledFutureTask.runPeriodic(Unknown Source) [na:1.6.0_31]
	at java.util.concurrent.ScheduledThreadPoolExecutor$ScheduledFutureTask.run(Unknown Source) [na:1.6.0_31]
	at java.util.concurrent.ThreadPoolExecutor$Worker.runTask(Unknown Source) [na:1.6.0_31]
	at java.util.concurrent.ThreadPoolExecutor$Worker.run(Unknown Source) [na:1.6.0_31]
	at java.lang.Thread.run(Unknown Source) [na:1.6.0_31]
14:29:31 [main] INFO  application - New Message with ID 458183050070863766292235232323823758 was created.
14:35:14 [main] INFO  application - Properties file opened in PropertiesRegistry static block.
14:35:15 [main] INFO  application - DbRegistry prepared with key "".
14:35:21 [pool-5-thread-1] ERROR application - SQLExcepion occurred when trying the retrieve a parameter from the database: {}
com.mysql.jdbc.exceptions.jdbc4.MySQLSyntaxErrorException: Table 'soen490.application_serverparameters' doesn't exist
	at sun.reflect.NativeConstructorAccessorImpl.newInstance0(Native Method) ~[na:1.6.0_31]
	at sun.reflect.NativeConstructorAccessorImpl.newInstance(Unknown Source) ~[na:1.6.0_31]
	at sun.reflect.DelegatingConstructorAccessorImpl.newInstance(Unknown Source) ~[na:1.6.0_31]
	at java.lang.reflect.Constructor.newInstance(Unknown Source) ~[na:1.6.0_31]
	at com.mysql.jdbc.Util.handleNewInstance(Util.java:411) ~[mysql-connector-java-5.1.17-bin.jar:na]
	at com.mysql.jdbc.Util.getInstance(Util.java:386) ~[mysql-connector-java-5.1.17-bin.jar:na]
	at com.mysql.jdbc.SQLError.createSQLException(SQLError.java:1052) ~[mysql-connector-java-5.1.17-bin.jar:na]
	at com.mysql.jdbc.MysqlIO.checkErrorPacket(MysqlIO.java:3597) ~[mysql-connector-java-5.1.17-bin.jar:na]
	at com.mysql.jdbc.MysqlIO.checkErrorPacket(MysqlIO.java:3529) ~[mysql-connector-java-5.1.17-bin.jar:na]
	at com.mysql.jdbc.MysqlIO.sendCommand(MysqlIO.java:1990) ~[mysql-connector-java-5.1.17-bin.jar:na]
	at com.mysql.jdbc.MysqlIO.sqlQueryDirect(MysqlIO.java:2151) ~[mysql-connector-java-5.1.17-bin.jar:na]
	at com.mysql.jdbc.ConnectionImpl.execSQL(ConnectionImpl.java:2625) ~[mysql-connector-java-5.1.17-bin.jar:na]
	at com.mysql.jdbc.PreparedStatement.executeInternal(PreparedStatement.java:2119) ~[mysql-connector-java-5.1.17-bin.jar:na]
	at com.mysql.jdbc.PreparedStatement.executeQuery(PreparedStatement.java:2281) ~[mysql-connector-java-5.1.17-bin.jar:na]
	at com.jolbox.bonecp.PreparedStatementHandle.executeQuery(PreparedStatementHandle.java:172) ~[bonecp-0.7.1.RELEASE.jar:0.7.1.RELEASE]
	at foundation.finder.ServerParameterFinder.find(ServerParameterFinder.java:68) ~[bin/:na]
	at domain.serverparameter.mappers.ServerParameterInputMapper.find(ServerParameterInputMapper.java:29) ~[bin/:na]
	at application.ServerParameters.get(ServerParameters.java:74) ~[bin/:na]
	at application.PurgeMonitor.deleteExpiredMessages(PurgeMonitor.java:93) [bin/:na]
	at application.PurgeMonitor.access$0(PurgeMonitor.java:90) [bin/:na]
	at application.PurgeMonitor$1.run(PurgeMonitor.java:72) [bin/:na]
	at java.util.concurrent.Executors$RunnableAdapter.call(Unknown Source) [na:1.6.0_31]
	at java.util.concurrent.FutureTask$Sync.innerRunAndReset(Unknown Source) [na:1.6.0_31]
	at java.util.concurrent.FutureTask.runAndReset(Unknown Source) [na:1.6.0_31]
	at java.util.concurrent.ScheduledThreadPoolExecutor$ScheduledFutureTask.access$101(Unknown Source) [na:1.6.0_31]
	at java.util.concurrent.ScheduledThreadPoolExecutor$ScheduledFutureTask.runPeriodic(Unknown Source) [na:1.6.0_31]
	at java.util.concurrent.ScheduledThreadPoolExecutor$ScheduledFutureTask.run(Unknown Source) [na:1.6.0_31]
	at java.util.concurrent.ThreadPoolExecutor$Worker.runTask(Unknown Source) [na:1.6.0_31]
	at java.util.concurrent.ThreadPoolExecutor$Worker.run(Unknown Source) [na:1.6.0_31]
	at java.lang.Thread.run(Unknown Source) [na:1.6.0_31]
14:35:23 [main] INFO  application - New Message with ID 200709860817209328447989552516255781801 was created.
