[2012/03/18 23:29:13]: Updating server list...
[2012/03/18 23:29:15]: Generated and current files differ. Replacing.
[2012/03/18 23:29:22]: Configuration updated sucessfully.
[2012/03/18 23:29:22]: Gracefully restarting apache.
[2012/03/18 23:29:39]: Updating server list...
[2012/03/18 23:29:41]: Generated and current files differ. Replacing.
[2012/03/18 23:29:43]: Configuration updated sucessfully.
[2012/03/18 23:29:43]: Gracefully restarting apache.
[2012/03/18 23:29:47]: Succesfully restarted apache.
[2012/03/18 23:30:03]: Updating server list...
[2012/03/18 23:30:09]: Generated and current files differ. Replacing.
[2012/03/18 23:30:11]: Configuration updated sucessfully.
[2012/03/18 23:30:11]: Gracefully restarting apache.
[2012/03/18 23:30:14]: Succesfully restarted apache.
[2012/03/18 23:31:58]: Updating server list...
[2012/03/18 23:32:01]: Generated and current files differ. Replacing.
[2012/03/18 23:32:02]: Configuration updated sucessfully.
[2012/03/18 23:32:02]: Gracefully restarting apache.
[2012/03/18 23:32:05]: Succesfully restarted apache.
[2012/03/18 23:32:33]: Updating server list...
[2012/03/18 23:32:35]: Generated and current files differ. Replacing.
[2012/03/18 23:32:36]: Configuration updated sucessfully.
[2012/03/18 23:32:36]: Gracefully restarting apache.
[2012/03/18 23:32:39]: Succesfully restarted apache.
[2012/03/18 23:33:30]: Updating server list...
[2012/03/18 23:33:32]: Generated and current files differ. Replacing.
[2012/03/18 23:33:35]: Configuration updated sucessfully.
[2012/03/18 23:33:35]: Gracefully restarting apache.
[2012/03/18 23:33:39]: Succesfully restarted apache.
[2012/03/18 23:34:57]: Updating server list...
[2012/03/18 23:35:00]: Generated and current files differ. Replacing.
[2012/03/18 23:35:03]: Configuration updated sucessfully.
[2012/03/18 23:35:03]: Gracefully restarting apache.
[2012/03/18 23:35:06]: Succesfully restarted apache.
[2012/03/18 23:35:51]: Updating server list...
[2012/03/18 23:36:08]: Updating server list...
[2012/03/18 23:36:11]: Config files identical. No rewrite.
[2012/03/18 23:37:43]: Updating server list...
[2012/03/18 23:37:45]: Local/Remote Hash: 2edc3df985121b4e989eaf4578433ba8/2edc3df985121b4e989eaf4578433ba8.
[2012/03/18 23:37:45]: Config files identical. No rewrite.
[2012/03/19 00:50:49]: Updating server list...
[2012/03/19 00:50:49]: Local/Remote Szies: 829/829.
[2012/03/19 00:50:49]: Local/Remote Hash: 2edc3df985121b4e989eaf4578433ba8/2edc3df985121b4e989eaf4578433ba8.
[2012/03/19 00:50:49]: Config files identical. No rewrite.
[2012/03/19 00:54:54]: Updating server list...
[2012/03/19 00:54:54]: Local/Remote Szies: 829/829.
[2012/03/19 00:54:54]: Local/Remote Hash: 2edc3df985121b4e989eaf4578433ba8/2edc3df985121b4e989eaf4578433ba8.
[2012/03/19 00:54:54]: Config files identical. No rewrite.
[2012/03/20 01:04:55]: Updating server list...
[2012/03/20 01:04:55]: Local/Remote Szies: 829/829.
[2012/03/20 01:04:55]: Local/Remote Hash: 2edc3df985121b4e989eaf4578433ba8/2edc3df985121b4e989eaf4578433ba8.
[2012/03/20 01:04:55]: Config files identical. No rewrite.
[2012/03/20 01:05:28]: Updating server list...
[2012/03/20 01:05:28]: Local/Remote Szies: 829/829.
[2012/03/20 01:05:28]: Local/Remote Hash: 2edc3df985121b4e989eaf4578433ba8/2edc3df985121b4e989eaf4578433ba8.
[2012/03/20 01:05:28]: Config files identical. No rewrite.
[2012/03/25 02:48:55]: Updating server list...
[2012/03/25 02:48:55]: Local/Remote Szies: 829/829.
[2012/03/25 02:48:55]: Local/Remote Hash: 2edc3df985121b4e989eaf4578433ba8/2edc3df985121b4e989eaf4578433ba8.
[2012/03/25 02:48:55]: Config files identical. No rewrite.
[2012/03/25 02:48:57]: Updating server list...
[2012/03/25 02:48:57]: Local/Remote Szies: 829/829.
[2012/03/25 02:48:57]: Local/Remote Hash: 2edc3df985121b4e989eaf4578433ba8/2edc3df985121b4e989eaf4578433ba8.
[2012/03/25 02:48:57]: Config files identical. No rewrite.
[2012/03/25 02:50:16]: Updating server list...
[2012/03/25 02:50:16]: Local/Remote Szies: 829/829.
[2012/03/25 02:50:16]: Local/Remote Hash: 2edc3df985121b4e989eaf4578433ba8/2edc3df985121b4e989eaf4578433ba8.
[2012/03/25 02:50:16]: Config files identical. No rewrite.
[2012/03/25 02:50:18]: Updating server list...
[2012/03/25 02:50:18]: Local/Remote Szies: 829/829.
[2012/03/25 02:50:18]: Local/Remote Hash: 2edc3df985121b4e989eaf4578433ba8/2edc3df985121b4e989eaf4578433ba8.
[2012/03/25 02:50:18]: Config files identical. No rewrite.
